[35m[Appium][39m Welcome to Appium v1.22.3
[35m[Appium][39m Non-default server args:
[35m[Appium][39m   port: 50450
[35m[Appium][39m   loglevel: info
[35m[Appium][39m   tmpDir: C:\Users\IDSTAR\AppData\Local\Temp\\Katalon\Appium\Temp1672057934513
[35m[Appium][39m   chromedriverPort: 50451
[35m[Appium][39m Deprecated server args:
[35m[Appium][39m   [31m--chromedriver-port[39m => --default-capabilities
[35m[Appium][39m Default capabilities, which will be added to each request unless overridden by desired capabilities:
[35m[Appium][39m   chromedriverPort: 50451
[35m[Appium][39m Appium REST http interface listener started on 0.0.0.0:50450
[35m[HTTP][39m [37m-->[39m [37mGET[39m [37m/wd/hub/status[39m
[35m[HTTP][39m [90m{}[39m
[35m[HTTP][39m [37m<-- GET /wd/hub/status [39m[32m200[39m [90m16 ms - 68[39m
[35m[HTTP][39m [90m[39m
[35m[HTTP][39m [37m-->[39m [37mGET[39m [37m/wd/hub/status[39m
[35m[HTTP][39m [90m{}[39m
[35m[HTTP][39m [37m<-- GET /wd/hub/status [39m[32m200[39m [90m5 ms - 68[39m
[35m[HTTP][39m [90m[39m
[35m[HTTP][39m [37m-->[39m [37mPOST[39m [37m/wd/hub/session[39m
[35m[HTTP][39m [90m{"desiredCapabilities":{"appPackage":"com.android.settings","deviceId":"emulator-5554","deviceName":"emulator-5554 (sdk_gphone_x86 - Android 11)","platform":"ANDROID","appActivity":".Settings","newCommandTimeout":1800,"platformVersion":"11","automationName":"uiautomator2","autoGrantPermissions":true,"platformName":"Android","udid":"emulator-5554","systemPort":8235},"capabilities":{"firstMatch":[{"appium:appActivity":".Settings","appium:appPackage":"com.android.settings","appium:autoGrantPermissions":true,"appium:automationName":"uiautomator2","deviceId":"emulator-5554","appium:deviceName":"emulator-5554 (sdk_gphone_x86 - Android 11)","appium:newCommandTimeout":1800,"platform":"ANDROID","platformName":"android","appium:platformVersion":"11","appium:systemPort":8235,"appium:udid":"emulator-5554"}]}}[39m
[35m[BaseDriver][39m The following capabilities are not standard capabilities and should have an extension prefix:
[35m[BaseDriver][39m   deviceId
[35m[BaseDriver][39m   platform
[35m[BaseDriver][39m   chromedriverPort
[35m[Appium][39m Appium v1.22.3 creating new AndroidUiautomator2Driver (v1.70.1) session
[35m[BaseDriver][39m The following capabilities were provided, but are not recognized by Appium:
[35m[BaseDriver][39m   deviceId
[35m[BaseDriver][39m   platform
[35m[BaseDriver][39m Session created with session id: 8b353cd6-6a53-4bbc-9f94-c150b7ce0c74
[35m[UiAutomator2][39m Starting 'com.android.settings' directly on the device
[35m[ADB][39m Found 1 'build-tools' folders under 'C:\Users\IDSTAR\AppData\Local\Android\Sdk' (newest first):
[35m[ADB][39m     C:/Users/IDSTAR/AppData/Local/Android/Sdk/build-tools/33.0.0
[35m[ADB][39m Using 'adb.exe' from 'C:\Users\IDSTAR\AppData\Local\Android\Sdk\platform-tools\adb.exe'
[35m[AndroidDriver][39m Retrieving device list
[35m[AndroidDriver][39m Using device: emulator-5554
[35m[ADB][39m Using 'adb.exe' from 'C:\Users\IDSTAR\AppData\Local\Android\Sdk\platform-tools\adb.exe'
[35m[ADB][39m Getting device platform version
[35m[UiAutomator2][39m Relaxing hidden api policy
[35m[AndroidDriver][39m No app sent in, not parsing package/activity
[35m[ADB][39m Using 'apksigner.jar' from 'C:\Users\IDSTAR\AppData\Local\Android\Sdk\build-tools\33.0.0\lib\apksigner.jar'
[35m[ADB][39m 'C:\Users\IDSTAR\AppData\Roaming\npm\node_modules\appium\node_modules\appium-uiautomator2-server\apks\appium-uiautomator2-server-v4.27.0.apk' is signed with the default certificate
[35m[ADB][39m 'C:\Users\IDSTAR\AppData\Roaming\npm\node_modules\appium\node_modules\appium-uiautomator2-server\apks\appium-uiautomator2-server-debug-androidTest.apk' is signed with the default certificate
[35m[UiAutomator2][39m Server packages are not going to be (re)installed
[35m[ADB][39m Adding packages ["io.appium.settings","io.appium.uiautomator2.server","io.appium.uiautomator2.server.test"] to Doze whitelist
[35m[UiAutomator2][39m Starting UIAutomator2 server 4.27.0
[35m[UiAutomator2][39m Using UIAutomator2 server from 'C:\Users\IDSTAR\AppData\Roaming\npm\node_modules\appium\node_modules\appium-uiautomator2-server\apks\appium-uiautomator2-server-v4.27.0.apk' and test from 'C:\Users\IDSTAR\AppData\Roaming\npm\node_modules\appium\node_modules\appium-uiautomator2-server\apks\appium-uiautomator2-server-debug-androidTest.apk'
[35m[UiAutomator2][39m Waiting up to 30000ms for UiAutomator2 to be online...
[35m[WD Proxy][39m socket hang up
[35m[WD Proxy][39m socket hang up
[35m[WD Proxy][39m socket hang up
[35m[WD Proxy][39m Determined the downstream protocol as 'W3C'
[35m[AndroidDriver][39m Screen already unlocked, doing nothing
[35m[UiAutomator2][39m Starting 'com.android.settings/.Settings and waiting for 'com.android.settings/.Settings'
[35m[Appium][39m New AndroidUiautomator2Driver session created successfully, session 8b353cd6-6a53-4bbc-9f94-c150b7ce0c74 added to master session list
[35m[HTTP][39m [37m<-- POST /wd/hub/session [39m[32m200[39m [90m14246 ms - 1238[39m
[35m[HTTP][39m [90m[39m
[35m[HTTP][39m [37m-->[39m [37mGET[39m [37m/wd/hub/session/8b353cd6-6a53-4bbc-9f94-c150b7ce0c74[39m
[35m[HTTP][39m [90m{}[39m
[35m[HTTP][39m [37m<-- GET /wd/hub/session/8b353cd6-6a53-4bbc-9f94-c150b7ce0c74 [39m[32m200[39m [90m32 ms - 1192[39m
[35m[HTTP][39m [90m[39m
[35m[HTTP][39m [37m-->[39m [37mGET[39m [37m/wd/hub/session/8b353cd6-6a53-4bbc-9f94-c150b7ce0c74[39m
[35m[HTTP][39m [90m{}[39m
[35m[HTTP][39m [37m<-- GET /wd/hub/session/8b353cd6-6a53-4bbc-9f94-c150b7ce0c74 [39m[32m200[39m [90m61 ms - 1192[39m
[35m[HTTP][39m [90m[39m
[35m[HTTP][39m [37m-->[39m [37mGET[39m [37m/wd/hub/status[39m
[35m[HTTP][39m [90m{}[39m
[35m[HTTP][39m [37m<-- GET /wd/hub/status [39m[32m200[39m [90m5 ms - 68[39m
[35m[HTTP][39m [90m[39m
[35m[HTTP][39m [37m-->[39m [37mPOST[39m [37m/wd/hub/session/8b353cd6-6a53-4bbc-9f94-c150b7ce0c74/timeouts[39m
[35m[HTTP][39m [90m{"implicit":60000}[39m
[35m[HTTP][39m [37m<-- POST /wd/hub/session/8b353cd6-6a53-4bbc-9f94-c150b7ce0c74/timeouts [39m[32m200[39m [90m17 ms - 14[39m
[35m[HTTP][39m [90m[39m
[35m[HTTP][39m [37m-->[39m [37mGET[39m [37m/wd/hub/session/8b353cd6-6a53-4bbc-9f94-c150b7ce0c74/screenshot[39m
[35m[HTTP][39m [90m{}[39m
[35m[HTTP][39m [37m<-- GET /wd/hub/session/8b353cd6-6a53-4bbc-9f94-c150b7ce0c74/screenshot [39m[32m200[39m [90m822 ms - 231320[39m
[35m[HTTP][39m [90m[39m
[35m[HTTP][39m [37m-->[39m [37mGET[39m [37m/wd/hub/session/8b353cd6-6a53-4bbc-9f94-c150b7ce0c74/window/rect[39m
[35m[HTTP][39m [90m{}[39m
[35m[HTTP][39m [37m<-- GET /wd/hub/session/8b353cd6-6a53-4bbc-9f94-c150b7ce0c74/window/rect [39m[32m200[39m [90m44 ms - 50[39m
[35m[HTTP][39m [90m[39m
[35m[HTTP][39m [37m-->[39m [37mGET[39m [37m/wd/hub/session/8b353cd6-6a53-4bbc-9f94-c150b7ce0c74/appium/device/system_bars[39m
[35m[HTTP][39m [90m{}[39m
[35m[HTTP][39m [37m<-- GET /wd/hub/session/8b353cd6-6a53-4bbc-9f94-c150b7ce0c74/appium/device/system_bars [39m[32m200[39m [90m207 ms - 148[39m
[35m[HTTP][39m [90m[39m
[35m[HTTP][39m [37m-->[39m [37mPOST[39m [37m/wd/hub/session/8b353cd6-6a53-4bbc-9f94-c150b7ce0c74/appium/device/activate_app[39m
[35m[HTTP][39m [90m{"bundleId":"com.ecwid.ShopAt.HappyDayShopping"}[39m
[35m[HTTP][39m [37m<-- POST /wd/hub/session/8b353cd6-6a53-4bbc-9f94-c150b7ce0c74/appium/device/activate_app [39m[32m200[39m [90m1198 ms - 14[39m
[35m[HTTP][39m [90m[39m
[35m[HTTP][39m [37m-->[39m [37mGET[39m [37m/wd/hub/session/8b353cd6-6a53-4bbc-9f94-c150b7ce0c74/source[39m
[35m[HTTP][39m [90m{}[39m
[35m[W3C (8b353cd6)][39m Driver proxy active, passing request on via HTTP proxy
[35m[WD Proxy][39m Replacing sessionId 8d14cf5d-dffa-4e59-8a93-7a7cf23a0f97 with 8b353cd6-6a53-4bbc-9f94-c150b7ce0c74
[35m[HTTP][39m [37m<-- GET /wd/hub/session/8b353cd6-6a53-4bbc-9f94-c150b7ce0c74/source [39m[32m200[39m [90m879 ms - 23986[39m
[35m[HTTP][39m [90m[39m
[35m[HTTP][39m [37m-->[39m [37mGET[39m [37m/wd/hub/session/8b353cd6-6a53-4bbc-9f94-c150b7ce0c74/screenshot[39m
[35m[HTTP][39m [90m{}[39m
[35m[HTTP][39m [37m<-- GET /wd/hub/session/8b353cd6-6a53-4bbc-9f94-c150b7ce0c74/screenshot [39m[32m200[39m [90m1124 ms - 1101234[39m
[35m[HTTP][39m [90m[39m
[35m[HTTP][39m [37m-->[39m [37mGET[39m [37m/wd/hub/session/8b353cd6-6a53-4bbc-9f94-c150b7ce0c74/source[39m
[35m[HTTP][39m [90m{}[39m
[35m[W3C (8b353cd6)][39m Driver proxy active, passing request on via HTTP proxy
[35m[WD Proxy][39m Replacing sessionId 8d14cf5d-dffa-4e59-8a93-7a7cf23a0f97 with 8b353cd6-6a53-4bbc-9f94-c150b7ce0c74
[35m[HTTP][39m [37m<-- GET /wd/hub/session/8b353cd6-6a53-4bbc-9f94-c150b7ce0c74/source [39m[32m200[39m [90m280 ms - 13642[39m
[35m[HTTP][39m [90m[39m
[35m[HTTP][39m [37m-->[39m [37mGET[39m [37m/wd/hub/session/8b353cd6-6a53-4bbc-9f94-c150b7ce0c74/screenshot[39m
[35m[HTTP][39m [90m{}[39m
[35m[HTTP][39m [37m<-- GET /wd/hub/session/8b353cd6-6a53-4bbc-9f94-c150b7ce0c74/screenshot [39m[32m200[39m [90m1110 ms - 1069688[39m
[35m[HTTP][39m [90m[39m
[35m[HTTP][39m [37m-->[39m [37mPOST[39m [37m/wd/hub/session/8b353cd6-6a53-4bbc-9f94-c150b7ce0c74/elements[39m
[35m[HTTP][39m [90m{"using":"xpath","value":"//*[@class = 'android.widget.TextView' and (@text = 'ر.ع.13.20' or . = 'ر.ع.13.20')]"}[39m
[35m[HTTP][39m [37m<-- POST /wd/hub/session/8b353cd6-6a53-4bbc-9f94-c150b7ce0c74/elements [39m[32m200[39m [90m60599 ms - 12[39m
[35m[HTTP][39m [90m[39m
[35m[HTTP][39m [37m-->[39m [37mPOST[39m [37m/wd/hub/session/8b353cd6-6a53-4bbc-9f94-c150b7ce0c74/elements[39m
[35m[HTTP][39m [90m{"using":"-android uiautomator","value":"new UiSelector().className(\"android.widget.TextView\").text(\"ر.ع.13.20\")"}[39m
[35m[HTTP][39m [37m<-- POST /wd/hub/session/8b353cd6-6a53-4bbc-9f94-c150b7ce0c74/elements [39m[32m200[39m [90m60054 ms - 12[39m
[35m[HTTP][39m [90m[39m
[35m[HTTP][39m [37m-->[39m [37mDELETE[39m [37m/wd/hub/session/8b353cd6-6a53-4bbc-9f94-c150b7ce0c74[39m
[35m[HTTP][39m [90m{}[39m
[35m[Appium][39m Removing session 8b353cd6-6a53-4bbc-9f94-c150b7ce0c74 from our master session list
[35m[UiAutomator2][39m Did not get confirmation UiAutomator2 deleteSession worked; Error was: UnknownError: An unknown server-side error occurred while processing the command. Original error: 'DELETE /' cannot be proxied to UiAutomator2 server because the instrumentation process is not running (probably crashed). Check the server log and/or the logcat output for more details
[35m[UiAutomator2][39m Restoring hidden api policy to the device default configuration
[35m[HTTP][39m [37m<-- DELETE /wd/hub/session/8b353cd6-6a53-4bbc-9f94-c150b7ce0c74 [39m[32m200[39m [90m510 ms - 14[39m
[35m[HTTP][39m [90m[39m
